Start testing: Nov 13 20:36 中国标准时间
----------------------------------------------------------
4/4 Testing: test_assimp_before
4/4 Test: test_assimp_before
Command: "C:/vscode-workplace/c/opengl/build/test/Debug/test_assimp_before.exe"
Directory: C:/vscode-workplace/c/opengl/build/test
"test_assimp_before" start time: Nov 13 20:36 中国标准时间
Output:
----------------------------------------------------------
INFO: [Thu Nov 13 20:36:10 2025
] ../../test/test_resources/backpack/diffuse.jpg
INFO: [Thu Nov 13 20:36:10 2025
] ../../test/test_resources/backpack/specular.jpg
<end of output>
Test time =  27.49 sec
----------------------------------------------------------
Test Passed.
"test_assimp_before" end time: Nov 13 20:36 中国标准时间
"test_assimp_before" time elapsed: 00:00:27
----------------------------------------------------------

End testing: Nov 13 20:36 中国标准时间
