<?xml version="1.0" encoding="UTF-8"?>
<Site BuildName="(empty)"
	BuildStamp="20251030-0707-Experimental"
	Name="(empty)"
	Generator="ctest-4.1.0"
	CompilerName=""
	CompilerVersion=""
	OSName="Windows"
	Hostname="LAPTOP-OE8VBJ3P"
	OSRelease=" Personal"
	OSVersion=" (Build 26100)"
	OSPlatform="AMD64"
	Is64Bits="1"
	VendorString="GenuineIntel"
	VendorID="Intel Corporation"
	FamilyID="6"
	ModelID="10"
	ModelName=""
	ProcessorCacheSize="-1"
	NumberOfLogicalCPU="16"
	NumberOfPhysicalCPU="10"
	TotalVirtualMemory="20685"
	TotalPhysicalMemory="16077"
	LogicalProcessorsPerPhysical="1"
	ProcessorClockFrequency="2400"
	>
	<Testing>
		<StartDateTime>Nov 07 23:26 [NON-UTF-8-BYTE-0xD6]й[NON-UTF-8-BYTE-0xFA][NON-UTF-8-BYTE-0xB1][NON-UTF-8-BYTE-0xEA]׼ʱ[NON-UTF-8-BYTE-0xBC][NON-UTF-8-BYTE-0xE4]</StartDateTime>
		<StartTestTime>1762529174</StartTestTime>
		<TestList>
			<Test>./test/test_sun</Test>
		</TestList>
		<Test Status="passed">
			<Name>test_sun</Name>
			<Path>./test</Path>
			<FullName>./test/test_sun</FullName>
			<FullCommandLine>C:\vscode-workplace\c\opengl\build\test\Debug\test_sun.exe</FullCommandLine>
			<Results>
				<NamedMeasurement type="numeric/double" name="Execution Time">
					<Value>5.90592</Value>
				</NamedMeasurement>
				<NamedMeasurement type="numeric/double" name="Processors">
					<Value>1</Value>
				</NamedMeasurement>
				<NamedMeasurement type="text/string" name="Completion Status">
					<Value>Completed</Value>
				</NamedMeasurement>
				<NamedMeasurement type="text/string" name="Command Line">
					<Value>C:\vscode-workplace\c\opengl\build\test\Debug\test_sun.exe</Value>
				</NamedMeasurement>
				<NamedMeasurement type="text/string" name="Environment">
					<Value>#CTEST_RESOURCE_GROUP_COUNT=</Value>
				</NamedMeasurement>
				<Measurement>
					<Value encoding="base64" compression="gzip">eJwrz0wpybBSMDc3U8hIzUzPKAGxTRTyipzzcwvy81LzSoqtFIy5QlIrSkqLUhVy8hNTUlMUEksUChJB+vT09IGoJLW4BEzEF6UW55cWJacW65cb6WUVpHOVQ8w3MzKAm29miG6+IRnmJ0HMD3MNCnGNUAj2cHRxDVJw9vcN8PRxVQgOdXZ2DQ7mcgtydPd19QvBJQ8VDgjydw9y9FXw8fTzhsvRzmQAwcVw8w==</Value>
				</Measurement>
			</Results>
		</Test>
		<EndDateTime>Nov 07 23:26 [NON-UTF-8-BYTE-0xD6]й[NON-UTF-8-BYTE-0xFA][NON-UTF-8-BYTE-0xB1][NON-UTF-8-BYTE-0xEA]׼ʱ[NON-UTF-8-BYTE-0xBC][NON-UTF-8-BYTE-0xE4]</EndDateTime>
		<EndTestTime>1762529180</EndTestTime>
		<ElapsedMinutes>0</ElapsedMinutes>
	</Testing>
</Site>
